2021-03-13 14:18:31 INFO  Version:44 - HHH000412: Hibernate ORM core version 5.4.28.Final
2021-03-13 14:18:32 INFO  Version:56 - HCANN000001: Hibernate Commons Annotations {5.1.2.Final}
2021-03-13 14:18:32 WARN  pooling:72 - HHH10001002: Using Hibernate built-in connection pool (not for production use!)
2021-03-13 14:18:32 INFO  pooling:115 - HHH10001005: using driver [org.postgresql.Driver] at URL [jdbc:postgresql://35.192.67.100:5432/icaDB]
2021-03-13 14:18:32 INFO  pooling:124 - HHH10001001: Connection properties: {user=parker, password=****}
2021-03-13 14:18:32 INFO  pooling:129 - HHH10001003: Autocommit mode: false
2021-03-13 14:18:32 INFO  DriverManagerConnectionProviderImpl:259 - HHH000115: Hibernate connection pool size: 20 (min=1)
2021-03-13 14:18:33 INFO  Dialect:175 - HHH000400: Using dialect: org.hibernate.dialect.PostgreSQLDialect
2021-03-13 14:18:35 INFO  JtaPlatformInitiator:52 - HHH000490: Using JtaPlatform implementation: [org.hibernate.engine.transaction.jta.platform.internal.NoJtaPlatform]
2021-03-13 14:18:53 INFO  Version:44 - HHH000412: Hibernate ORM core version 5.4.28.Final
2021-03-13 14:18:54 INFO  Version:56 - HCANN000001: Hibernate Commons Annotations {5.1.2.Final}
2021-03-13 14:18:54 WARN  pooling:72 - HHH10001002: Using Hibernate built-in connection pool (not for production use!)
2021-03-13 14:18:54 INFO  pooling:115 - HHH10001005: using driver [org.postgresql.Driver] at URL [jdbc:postgresql://35.192.67.100:5432/icaDB]
2021-03-13 14:18:54 INFO  pooling:124 - HHH10001001: Connection properties: {user=parker, password=****}
2021-03-13 14:18:54 INFO  pooling:129 - HHH10001003: Autocommit mode: false
2021-03-13 14:18:54 INFO  DriverManagerConnectionProviderImpl:259 - HHH000115: Hibernate connection pool size: 20 (min=1)
2021-03-13 14:18:55 INFO  Dialect:175 - HHH000400: Using dialect: org.hibernate.dialect.PostgreSQLDialect
2021-03-13 14:18:57 INFO  JtaPlatformInitiator:52 - HHH000490: Using JtaPlatform implementation: [org.hibernate.engine.transaction.jta.platform.internal.NoJtaPlatform]
2021-03-13 14:25:03 INFO  Version:44 - HHH000412: Hibernate ORM core version 5.4.28.Final
2021-03-13 14:25:04 INFO  Version:56 - HCANN000001: Hibernate Commons Annotations {5.1.2.Final}
2021-03-13 14:25:04 WARN  pooling:72 - HHH10001002: Using Hibernate built-in connection pool (not for production use!)
2021-03-13 14:25:04 INFO  pooling:115 - HHH10001005: using driver [org.postgresql.Driver] at URL [jdbc:postgresql://35.192.67.100:5432/icaDB]
2021-03-13 14:25:04 INFO  pooling:124 - HHH10001001: Connection properties: {user=parker, password=****}
2021-03-13 14:25:04 INFO  pooling:129 - HHH10001003: Autocommit mode: false
2021-03-13 14:25:04 INFO  DriverManagerConnectionProviderImpl:259 - HHH000115: Hibernate connection pool size: 20 (min=1)
2021-03-13 14:25:05 INFO  Dialect:175 - HHH000400: Using dialect: org.hibernate.dialect.PostgreSQLDialect
2021-03-13 14:25:06 INFO  JtaPlatformInitiator:52 - HHH000490: Using JtaPlatform implementation: [org.hibernate.engine.transaction.jta.platform.internal.NoJtaPlatform]
2021-03-13 15:14:26 INFO  Version:44 - HHH000412: Hibernate ORM core version 5.4.28.Final
2021-03-13 15:14:27 INFO  Version:56 - HCANN000001: Hibernate Commons Annotations {5.1.2.Final}
2021-03-13 15:14:27 WARN  pooling:72 - HHH10001002: Using Hibernate built-in connection pool (not for production use!)
2021-03-13 15:14:27 INFO  pooling:115 - HHH10001005: using driver [org.postgresql.Driver] at URL [jdbc:postgresql://35.192.67.100:5432/icaDB]
2021-03-13 15:14:27 INFO  pooling:124 - HHH10001001: Connection properties: {user=parker, password=****}
2021-03-13 15:14:27 INFO  pooling:129 - HHH10001003: Autocommit mode: false
2021-03-13 15:14:27 INFO  DriverManagerConnectionProviderImpl:259 - HHH000115: Hibernate connection pool size: 20 (min=1)
2021-03-13 15:14:29 INFO  Dialect:175 - HHH000400: Using dialect: org.hibernate.dialect.PostgreSQLDialect
2021-03-13 15:14:30 INFO  JtaPlatformInitiator:52 - HHH000490: Using JtaPlatform implementation: [org.hibernate.engine.transaction.jta.platform.internal.NoJtaPlatform]
2021-03-13 15:32:02 INFO  Version:44 - HHH000412: Hibernate ORM core version 5.4.28.Final
2021-03-13 15:32:03 INFO  Version:56 - HCANN000001: Hibernate Commons Annotations {5.1.2.Final}
2021-03-13 15:32:03 WARN  pooling:72 - HHH10001002: Using Hibernate built-in connection pool (not for production use!)
2021-03-13 15:32:03 INFO  pooling:115 - HHH10001005: using driver [org.postgresql.Driver] at URL [jdbc:postgresql://35.192.67.100:5432/icaDB]
2021-03-13 15:32:03 INFO  pooling:124 - HHH10001001: Connection properties: {user=parker, password=****}
2021-03-13 15:32:03 INFO  pooling:129 - HHH10001003: Autocommit mode: false
2021-03-13 15:32:03 INFO  DriverManagerConnectionProviderImpl:259 - HHH000115: Hibernate connection pool size: 20 (min=1)
2021-03-13 15:32:05 INFO  Dialect:175 - HHH000400: Using dialect: org.hibernate.dialect.PostgreSQLDialect
2021-03-13 15:32:06 INFO  JtaPlatformInitiator:52 - HHH000490: Using JtaPlatform implementation: [org.hibernate.engine.transaction.jta.platform.internal.NoJtaPlatform]
2021-03-13 16:35:56 INFO  Version:44 - HHH000412: Hibernate ORM core version 5.4.28.Final
2021-03-13 16:35:57 INFO  Version:56 - HCANN000001: Hibernate Commons Annotations {5.1.2.Final}
2021-03-13 16:35:57 WARN  pooling:72 - HHH10001002: Using Hibernate built-in connection pool (not for production use!)
2021-03-13 16:35:58 INFO  pooling:115 - HHH10001005: using driver [org.postgresql.Driver] at URL [jdbc:postgresql://35.192.67.100:5432/icaDB]
2021-03-13 16:35:58 INFO  pooling:124 - HHH10001001: Connection properties: {user=parker, password=****}
2021-03-13 16:35:58 INFO  pooling:129 - HHH10001003: Autocommit mode: false
2021-03-13 16:35:58 INFO  DriverManagerConnectionProviderImpl:259 - HHH000115: Hibernate connection pool size: 20 (min=1)
2021-03-13 16:35:59 INFO  Dialect:175 - HHH000400: Using dialect: org.hibernate.dialect.PostgreSQLDialect
2021-03-13 16:36:00 INFO  JtaPlatformInitiator:52 - HHH000490: Using JtaPlatform implementation: [org.hibernate.engine.transaction.jta.platform.internal.NoJtaPlatform]
2021-03-13 16:37:49 INFO  Version:44 - HHH000412: Hibernate ORM core version 5.4.28.Final
2021-03-13 16:37:49 INFO  Version:56 - HCANN000001: Hibernate Commons Annotations {5.1.2.Final}
2021-03-13 16:37:50 WARN  pooling:72 - HHH10001002: Using Hibernate built-in connection pool (not for production use!)
2021-03-13 16:37:50 INFO  pooling:115 - HHH10001005: using driver [org.postgresql.Driver] at URL [jdbc:postgresql://35.192.67.100:5432/icaDB]
2021-03-13 16:37:50 INFO  pooling:124 - HHH10001001: Connection properties: {user=parker, password=****}
2021-03-13 16:37:50 INFO  pooling:129 - HHH10001003: Autocommit mode: false
2021-03-13 16:37:50 INFO  DriverManagerConnectionProviderImpl:259 - HHH000115: Hibernate connection pool size: 20 (min=1)
2021-03-13 16:37:51 INFO  Dialect:175 - HHH000400: Using dialect: org.hibernate.dialect.PostgreSQLDialect
2021-03-13 16:37:52 INFO  JtaPlatformInitiator:52 - HHH000490: Using JtaPlatform implementation: [org.hibernate.engine.transaction.jta.platform.internal.NoJtaPlatform]
2021-03-13 17:32:59 INFO  Version:44 - HHH000412: Hibernate ORM core version 5.4.28.Final
2021-03-13 17:32:59 INFO  Version:56 - HCANN000001: Hibernate Commons Annotations {5.1.2.Final}
2021-03-13 17:33:00 WARN  pooling:72 - HHH10001002: Using Hibernate built-in connection pool (not for production use!)
2021-03-13 17:33:00 INFO  pooling:115 - HHH10001005: using driver [org.postgresql.Driver] at URL [jdbc:postgresql://35.192.67.100:5432/icaDB]
2021-03-13 17:33:00 INFO  pooling:124 - HHH10001001: Connection properties: {user=parker, password=****}
2021-03-13 17:33:00 INFO  pooling:129 - HHH10001003: Autocommit mode: false
2021-03-13 17:33:00 INFO  DriverManagerConnectionProviderImpl:259 - HHH000115: Hibernate connection pool size: 20 (min=1)
2021-03-13 17:33:01 INFO  Dialect:175 - HHH000400: Using dialect: org.hibernate.dialect.PostgreSQLDialect
2021-03-13 17:33:02 INFO  JtaPlatformInitiator:52 - HHH000490: Using JtaPlatform implementation: [org.hibernate.engine.transaction.jta.platform.internal.NoJtaPlatform]
2021-03-13 17:55:16 INFO  Version:44 - HHH000412: Hibernate ORM core version 5.4.28.Final
2021-03-13 17:55:17 INFO  Version:56 - HCANN000001: Hibernate Commons Annotations {5.1.2.Final}
2021-03-13 17:55:17 WARN  pooling:72 - HHH10001002: Using Hibernate built-in connection pool (not for production use!)
2021-03-13 17:55:17 INFO  pooling:115 - HHH10001005: using driver [org.postgresql.Driver] at URL [jdbc:postgresql://35.192.67.100:5432/icaDB]
2021-03-13 17:55:17 INFO  pooling:124 - HHH10001001: Connection properties: {user=parker, password=****}
2021-03-13 17:55:17 INFO  pooling:129 - HHH10001003: Autocommit mode: false
2021-03-13 17:55:17 INFO  DriverManagerConnectionProviderImpl:259 - HHH000115: Hibernate connection pool size: 20 (min=1)
2021-03-13 17:55:19 INFO  Dialect:175 - HHH000400: Using dialect: org.hibernate.dialect.PostgreSQLDialect
2021-03-13 17:55:20 INFO  JtaPlatformInitiator:52 - HHH000490: Using JtaPlatform implementation: [org.hibernate.engine.transaction.jta.platform.internal.NoJtaPlatform]
2021-03-14 13:47:43 INFO  Version:44 - HHH000412: Hibernate ORM core version 5.4.28.Final
2021-03-14 13:47:44 INFO  Version:56 - HCANN000001: Hibernate Commons Annotations {5.1.2.Final}
2021-03-14 13:47:44 WARN  pooling:72 - HHH10001002: Using Hibernate built-in connection pool (not for production use!)
2021-03-14 13:47:44 INFO  pooling:115 - HHH10001005: using driver [org.postgresql.Driver] at URL [jdbc:postgresql://35.192.67.100:5432/icaDB]
2021-03-14 13:47:44 INFO  pooling:124 - HHH10001001: Connection properties: {user=parker, password=****}
2021-03-14 13:47:44 INFO  pooling:129 - HHH10001003: Autocommit mode: false
2021-03-14 13:47:44 INFO  DriverManagerConnectionProviderImpl:259 - HHH000115: Hibernate connection pool size: 20 (min=1)
2021-03-14 13:47:46 INFO  Dialect:175 - HHH000400: Using dialect: org.hibernate.dialect.PostgreSQLDialect
2021-03-14 13:47:47 INFO  JtaPlatformInitiator:52 - HHH000490: Using JtaPlatform implementation: [org.hibernate.engine.transaction.jta.platform.internal.NoJtaPlatform]
2021-03-14 13:49:44 INFO  Version:44 - HHH000412: Hibernate ORM core version 5.4.28.Final
2021-03-14 13:49:44 INFO  Version:56 - HCANN000001: Hibernate Commons Annotations {5.1.2.Final}
2021-03-14 13:49:45 WARN  pooling:72 - HHH10001002: Using Hibernate built-in connection pool (not for production use!)
2021-03-14 13:49:45 INFO  pooling:115 - HHH10001005: using driver [org.postgresql.Driver] at URL [jdbc:postgresql://35.192.67.100:5432/icaDB]
2021-03-14 13:49:45 INFO  pooling:124 - HHH10001001: Connection properties: {user=parker, password=****}
2021-03-14 13:49:45 INFO  pooling:129 - HHH10001003: Autocommit mode: false
2021-03-14 13:49:45 INFO  DriverManagerConnectionProviderImpl:259 - HHH000115: Hibernate connection pool size: 20 (min=1)
2021-03-14 13:49:46 INFO  Dialect:175 - HHH000400: Using dialect: org.hibernate.dialect.PostgreSQLDialect
2021-03-14 13:49:47 INFO  JtaPlatformInitiator:52 - HHH000490: Using JtaPlatform implementation: [org.hibernate.engine.transaction.jta.platform.internal.NoJtaPlatform]
2021-03-14 14:13:10 INFO  Version:44 - HHH000412: Hibernate ORM core version 5.4.28.Final
2021-03-14 14:13:10 INFO  Version:56 - HCANN000001: Hibernate Commons Annotations {5.1.2.Final}
2021-03-14 14:13:11 WARN  pooling:72 - HHH10001002: Using Hibernate built-in connection pool (not for production use!)
2021-03-14 14:13:11 INFO  pooling:115 - HHH10001005: using driver [org.postgresql.Driver] at URL [jdbc:postgresql://35.192.67.100:5432/icaDB]
2021-03-14 14:13:11 INFO  pooling:124 - HHH10001001: Connection properties: {user=parker, password=****}
2021-03-14 14:13:11 INFO  pooling:129 - HHH10001003: Autocommit mode: false
2021-03-14 14:13:11 INFO  DriverManagerConnectionProviderImpl:259 - HHH000115: Hibernate connection pool size: 20 (min=1)
2021-03-14 14:13:12 INFO  Dialect:175 - HHH000400: Using dialect: org.hibernate.dialect.PostgreSQLDialect
2021-03-14 14:13:14 INFO  JtaPlatformInitiator:52 - HHH000490: Using JtaPlatform implementation: [org.hibernate.engine.transaction.jta.platform.internal.NoJtaPlatform]
2021-03-14 14:26:39 INFO  Version:44 - HHH000412: Hibernate ORM core version 5.4.28.Final
2021-03-14 14:26:39 INFO  Version:56 - HCANN000001: Hibernate Commons Annotations {5.1.2.Final}
2021-03-14 14:26:40 WARN  pooling:72 - HHH10001002: Using Hibernate built-in connection pool (not for production use!)
2021-03-14 14:26:40 INFO  pooling:115 - HHH10001005: using driver [org.postgresql.Driver] at URL [jdbc:postgresql://35.192.67.100:5432/icaDB]
2021-03-14 14:26:40 INFO  pooling:124 - HHH10001001: Connection properties: {user=parker, password=****}
2021-03-14 14:26:40 INFO  pooling:129 - HHH10001003: Autocommit mode: false
2021-03-14 14:26:40 INFO  DriverManagerConnectionProviderImpl:259 - HHH000115: Hibernate connection pool size: 20 (min=1)
2021-03-14 14:26:41 INFO  Dialect:175 - HHH000400: Using dialect: org.hibernate.dialect.PostgreSQLDialect
2021-03-14 14:26:42 INFO  JtaPlatformInitiator:52 - HHH000490: Using JtaPlatform implementation: [org.hibernate.engine.transaction.jta.platform.internal.NoJtaPlatform]
2021-03-14 14:43:27 INFO  Version:44 - HHH000412: Hibernate ORM core version 5.4.28.Final
2021-03-14 14:43:28 INFO  Version:56 - HCANN000001: Hibernate Commons Annotations {5.1.2.Final}
2021-03-14 14:43:28 WARN  pooling:72 - HHH10001002: Using Hibernate built-in connection pool (not for production use!)
2021-03-14 14:43:28 INFO  pooling:115 - HHH10001005: using driver [org.postgresql.Driver] at URL [jdbc:postgresql://35.192.67.100:5432/icaDB]
2021-03-14 14:43:28 INFO  pooling:124 - HHH10001001: Connection properties: {user=parker, password=****}
2021-03-14 14:43:28 INFO  pooling:129 - HHH10001003: Autocommit mode: false
2021-03-14 14:43:28 INFO  DriverManagerConnectionProviderImpl:259 - HHH000115: Hibernate connection pool size: 20 (min=1)
2021-03-14 14:43:29 INFO  Dialect:175 - HHH000400: Using dialect: org.hibernate.dialect.PostgreSQLDialect
2021-03-14 14:43:30 INFO  JtaPlatformInitiator:52 - HHH000490: Using JtaPlatform implementation: [org.hibernate.engine.transaction.jta.platform.internal.NoJtaPlatform]
2021-03-14 14:48:26 INFO  Version:44 - HHH000412: Hibernate ORM core version 5.4.28.Final
2021-03-14 14:48:27 INFO  Version:56 - HCANN000001: Hibernate Commons Annotations {5.1.2.Final}
2021-03-14 14:48:27 WARN  pooling:72 - HHH10001002: Using Hibernate built-in connection pool (not for production use!)
2021-03-14 14:48:27 INFO  pooling:115 - HHH10001005: using driver [org.postgresql.Driver] at URL [jdbc:postgresql://35.192.67.100:5432/icaDB]
2021-03-14 14:48:27 INFO  pooling:124 - HHH10001001: Connection properties: {user=parker, password=****}
2021-03-14 14:48:27 INFO  pooling:129 - HHH10001003: Autocommit mode: false
2021-03-14 14:48:27 INFO  DriverManagerConnectionProviderImpl:259 - HHH000115: Hibernate connection pool size: 20 (min=1)
2021-03-14 14:48:28 INFO  Dialect:175 - HHH000400: Using dialect: org.hibernate.dialect.PostgreSQLDialect
2021-03-14 14:48:29 INFO  JtaPlatformInitiator:52 - HHH000490: Using JtaPlatform implementation: [org.hibernate.engine.transaction.jta.platform.internal.NoJtaPlatform]
2021-03-14 14:51:25 INFO  Version:44 - HHH000412: Hibernate ORM core version 5.4.28.Final
2021-03-14 14:51:25 INFO  Version:56 - HCANN000001: Hibernate Commons Annotations {5.1.2.Final}
2021-03-14 14:51:26 WARN  pooling:72 - HHH10001002: Using Hibernate built-in connection pool (not for production use!)
2021-03-14 14:51:26 INFO  pooling:115 - HHH10001005: using driver [org.postgresql.Driver] at URL [jdbc:postgresql://35.192.67.100:5432/icaDB]
2021-03-14 14:51:26 INFO  pooling:124 - HHH10001001: Connection properties: {user=parker, password=****}
2021-03-14 14:51:26 INFO  pooling:129 - HHH10001003: Autocommit mode: false
2021-03-14 14:51:26 INFO  DriverManagerConnectionProviderImpl:259 - HHH000115: Hibernate connection pool size: 20 (min=1)
2021-03-14 14:51:27 INFO  Dialect:175 - HHH000400: Using dialect: org.hibernate.dialect.PostgreSQLDialect
2021-03-14 14:51:28 INFO  JtaPlatformInitiator:52 - HHH000490: Using JtaPlatform implementation: [org.hibernate.engine.transaction.jta.platform.internal.NoJtaPlatform]
2021-03-14 16:47:55 INFO  Version:44 - HHH000412: Hibernate ORM core version 5.4.28.Final
2021-03-14 16:47:56 INFO  Version:56 - HCANN000001: Hibernate Commons Annotations {5.1.2.Final}
2021-03-14 16:47:57 WARN  pooling:72 - HHH10001002: Using Hibernate built-in connection pool (not for production use!)
2021-03-14 16:47:57 INFO  pooling:115 - HHH10001005: using driver [org.postgresql.Driver] at URL [jdbc:postgresql://35.192.67.100:5432/icaDB]
2021-03-14 16:47:57 INFO  pooling:124 - HHH10001001: Connection properties: {user=parker, password=****}
2021-03-14 16:47:57 INFO  pooling:129 - HHH10001003: Autocommit mode: false
2021-03-14 16:47:57 INFO  DriverManagerConnectionProviderImpl:259 - HHH000115: Hibernate connection pool size: 20 (min=1)
2021-03-14 16:47:58 INFO  Dialect:175 - HHH000400: Using dialect: org.hibernate.dialect.PostgreSQLDialect
2021-03-14 16:47:59 INFO  JtaPlatformInitiator:52 - HHH000490: Using JtaPlatform implementation: [org.hibernate.engine.transaction.jta.platform.internal.NoJtaPlatform]
2021-03-14 17:41:13 INFO  Version:44 - HHH000412: Hibernate ORM core version 5.4.28.Final
2021-03-14 17:41:14 INFO  Version:56 - HCANN000001: Hibernate Commons Annotations {5.1.2.Final}
2021-03-14 17:41:14 WARN  pooling:72 - HHH10001002: Using Hibernate built-in connection pool (not for production use!)
2021-03-14 17:41:14 INFO  pooling:115 - HHH10001005: using driver [org.postgresql.Driver] at URL [jdbc:postgresql://35.192.67.100:5432/icaDB]
2021-03-14 17:41:14 INFO  pooling:124 - HHH10001001: Connection properties: {user=parker, password=****}
2021-03-14 17:41:14 INFO  pooling:129 - HHH10001003: Autocommit mode: false
2021-03-14 17:41:14 INFO  DriverManagerConnectionProviderImpl:259 - HHH000115: Hibernate connection pool size: 20 (min=1)
2021-03-14 17:41:16 INFO  Dialect:175 - HHH000400: Using dialect: org.hibernate.dialect.PostgreSQLDialect
2021-03-14 17:41:17 INFO  JtaPlatformInitiator:52 - HHH000490: Using JtaPlatform implementation: [org.hibernate.engine.transaction.jta.platform.internal.NoJtaPlatform]
2021-03-14 17:44:51 INFO  Version:44 - HHH000412: Hibernate ORM core version 5.4.28.Final
2021-03-14 17:44:52 INFO  Version:56 - HCANN000001: Hibernate Commons Annotations {5.1.2.Final}
2021-03-14 17:44:52 WARN  pooling:72 - HHH10001002: Using Hibernate built-in connection pool (not for production use!)
2021-03-14 17:44:52 INFO  pooling:115 - HHH10001005: using driver [org.postgresql.Driver] at URL [jdbc:postgresql://35.192.67.100:5432/icaDB]
2021-03-14 17:44:52 INFO  pooling:124 - HHH10001001: Connection properties: {user=parker, password=****}
2021-03-14 17:44:52 INFO  pooling:129 - HHH10001003: Autocommit mode: false
2021-03-14 17:44:52 INFO  DriverManagerConnectionProviderImpl:259 - HHH000115: Hibernate connection pool size: 20 (min=1)
2021-03-14 17:44:53 INFO  Dialect:175 - HHH000400: Using dialect: org.hibernate.dialect.PostgreSQLDialect
2021-03-14 17:44:54 INFO  JtaPlatformInitiator:52 - HHH000490: Using JtaPlatform implementation: [org.hibernate.engine.transaction.jta.platform.internal.NoJtaPlatform]
2021-03-14 17:45:08 INFO  Version:44 - HHH000412: Hibernate ORM core version 5.4.28.Final
2021-03-14 17:45:08 INFO  Version:56 - HCANN000001: Hibernate Commons Annotations {5.1.2.Final}
2021-03-14 17:45:09 WARN  pooling:72 - HHH10001002: Using Hibernate built-in connection pool (not for production use!)
2021-03-14 17:45:09 INFO  pooling:115 - HHH10001005: using driver [org.postgresql.Driver] at URL [jdbc:postgresql://35.192.67.100:5432/icaDB]
2021-03-14 17:45:09 INFO  pooling:124 - HHH10001001: Connection properties: {user=parker, password=****}
2021-03-14 17:45:09 INFO  pooling:129 - HHH10001003: Autocommit mode: false
2021-03-14 17:45:09 INFO  DriverManagerConnectionProviderImpl:259 - HHH000115: Hibernate connection pool size: 20 (min=1)
2021-03-14 17:45:10 INFO  Dialect:175 - HHH000400: Using dialect: org.hibernate.dialect.PostgreSQLDialect
2021-03-14 17:45:11 INFO  JtaPlatformInitiator:52 - HHH000490: Using JtaPlatform implementation: [org.hibernate.engine.transaction.jta.platform.internal.NoJtaPlatform]
2021-03-14 17:45:20 INFO  Version:44 - HHH000412: Hibernate ORM core version 5.4.28.Final
2021-03-14 17:45:21 INFO  Version:56 - HCANN000001: Hibernate Commons Annotations {5.1.2.Final}
2021-03-14 17:45:21 WARN  pooling:72 - HHH10001002: Using Hibernate built-in connection pool (not for production use!)
2021-03-14 17:45:21 INFO  pooling:115 - HHH10001005: using driver [org.postgresql.Driver] at URL [jdbc:postgresql://35.192.67.100:5432/icaDB]
2021-03-14 17:45:21 INFO  pooling:124 - HHH10001001: Connection properties: {user=parker, password=****}
2021-03-14 17:45:21 INFO  pooling:129 - HHH10001003: Autocommit mode: false
2021-03-14 17:45:21 INFO  DriverManagerConnectionProviderImpl:259 - HHH000115: Hibernate connection pool size: 20 (min=1)
2021-03-14 17:45:22 INFO  Dialect:175 - HHH000400: Using dialect: org.hibernate.dialect.PostgreSQLDialect
2021-03-14 17:45:23 INFO  JtaPlatformInitiator:52 - HHH000490: Using JtaPlatform implementation: [org.hibernate.engine.transaction.jta.platform.internal.NoJtaPlatform]
2021-03-14 17:45:34 INFO  Version:44 - HHH000412: Hibernate ORM core version 5.4.28.Final
2021-03-14 17:45:34 INFO  Version:56 - HCANN000001: Hibernate Commons Annotations {5.1.2.Final}
2021-03-14 17:45:35 WARN  pooling:72 - HHH10001002: Using Hibernate built-in connection pool (not for production use!)
2021-03-14 17:45:35 INFO  pooling:115 - HHH10001005: using driver [org.postgresql.Driver] at URL [jdbc:postgresql://35.192.67.100:5432/icaDB]
2021-03-14 17:45:35 INFO  pooling:124 - HHH10001001: Connection properties: {user=parker, password=****}
2021-03-14 17:45:35 INFO  pooling:129 - HHH10001003: Autocommit mode: false
2021-03-14 17:45:35 INFO  DriverManagerConnectionProviderImpl:259 - HHH000115: Hibernate connection pool size: 20 (min=1)
2021-03-14 17:45:36 INFO  Dialect:175 - HHH000400: Using dialect: org.hibernate.dialect.PostgreSQLDialect
2021-03-14 17:45:37 INFO  JtaPlatformInitiator:52 - HHH000490: Using JtaPlatform implementation: [org.hibernate.engine.transaction.jta.platform.internal.NoJtaPlatform]
2021-03-14 17:45:42 INFO  Version:44 - HHH000412: Hibernate ORM core version 5.4.28.Final
2021-03-14 17:45:43 INFO  Version:56 - HCANN000001: Hibernate Commons Annotations {5.1.2.Final}
2021-03-14 17:45:43 WARN  pooling:72 - HHH10001002: Using Hibernate built-in connection pool (not for production use!)
2021-03-14 17:45:43 INFO  pooling:115 - HHH10001005: using driver [org.postgresql.Driver] at URL [jdbc:postgresql://35.192.67.100:5432/icaDB]
2021-03-14 17:45:43 INFO  pooling:124 - HHH10001001: Connection properties: {user=parker, password=****}
2021-03-14 17:45:43 INFO  pooling:129 - HHH10001003: Autocommit mode: false
2021-03-14 17:45:43 INFO  DriverManagerConnectionProviderImpl:259 - HHH000115: Hibernate connection pool size: 20 (min=1)
2021-03-14 17:45:44 INFO  Dialect:175 - HHH000400: Using dialect: org.hibernate.dialect.PostgreSQLDialect
2021-03-14 17:45:45 INFO  JtaPlatformInitiator:52 - HHH000490: Using JtaPlatform implementation: [org.hibernate.engine.transaction.jta.platform.internal.NoJtaPlatform]
2021-03-14 17:46:35 INFO  Version:44 - HHH000412: Hibernate ORM core version 5.4.28.Final
2021-03-14 17:46:35 INFO  Version:56 - HCANN000001: Hibernate Commons Annotations {5.1.2.Final}
2021-03-14 17:46:36 WARN  pooling:72 - HHH10001002: Using Hibernate built-in connection pool (not for production use!)
2021-03-14 17:46:36 INFO  pooling:115 - HHH10001005: using driver [org.postgresql.Driver] at URL [jdbc:postgresql://35.192.67.100:5432/icaDB]
2021-03-14 17:46:36 INFO  pooling:124 - HHH10001001: Connection properties: {user=parker, password=****}
2021-03-14 17:46:36 INFO  pooling:129 - HHH10001003: Autocommit mode: false
2021-03-14 17:46:36 INFO  DriverManagerConnectionProviderImpl:259 - HHH000115: Hibernate connection pool size: 20 (min=1)
2021-03-14 17:46:37 INFO  Dialect:175 - HHH000400: Using dialect: org.hibernate.dialect.PostgreSQLDialect
2021-03-14 17:46:38 INFO  JtaPlatformInitiator:52 - HHH000490: Using JtaPlatform implementation: [org.hibernate.engine.transaction.jta.platform.internal.NoJtaPlatform]
2021-03-14 17:48:04 INFO  Version:44 - HHH000412: Hibernate ORM core version 5.4.28.Final
2021-03-14 17:48:05 INFO  Version:56 - HCANN000001: Hibernate Commons Annotations {5.1.2.Final}
2021-03-14 17:48:05 WARN  pooling:72 - HHH10001002: Using Hibernate built-in connection pool (not for production use!)
2021-03-14 17:48:05 INFO  pooling:115 - HHH10001005: using driver [org.postgresql.Driver] at URL [jdbc:postgresql://35.192.67.100:5432/icaDB]
2021-03-14 17:48:05 INFO  pooling:124 - HHH10001001: Connection properties: {user=parker, password=****}
2021-03-14 17:48:05 INFO  pooling:129 - HHH10001003: Autocommit mode: false
2021-03-14 17:48:05 INFO  DriverManagerConnectionProviderImpl:259 - HHH000115: Hibernate connection pool size: 20 (min=1)
2021-03-14 17:48:06 INFO  Dialect:175 - HHH000400: Using dialect: org.hibernate.dialect.PostgreSQLDialect
2021-03-14 17:48:07 INFO  JtaPlatformInitiator:52 - HHH000490: Using JtaPlatform implementation: [org.hibernate.engine.transaction.jta.platform.internal.NoJtaPlatform]
2021-03-14 17:48:56 INFO  Version:44 - HHH000412: Hibernate ORM core version 5.4.28.Final
2021-03-14 17:48:57 INFO  Version:56 - HCANN000001: Hibernate Commons Annotations {5.1.2.Final}
2021-03-14 17:48:57 WARN  pooling:72 - HHH10001002: Using Hibernate built-in connection pool (not for production use!)
2021-03-14 17:48:57 INFO  pooling:115 - HHH10001005: using driver [org.postgresql.Driver] at URL [jdbc:postgresql://35.192.67.100:5432/icaDB]
2021-03-14 17:48:57 INFO  pooling:124 - HHH10001001: Connection properties: {user=parker, password=****}
2021-03-14 17:48:57 INFO  pooling:129 - HHH10001003: Autocommit mode: false
2021-03-14 17:48:57 INFO  DriverManagerConnectionProviderImpl:259 - HHH000115: Hibernate connection pool size: 20 (min=1)
2021-03-14 17:48:58 INFO  Dialect:175 - HHH000400: Using dialect: org.hibernate.dialect.PostgreSQLDialect
2021-03-14 17:48:59 INFO  JtaPlatformInitiator:52 - HHH000490: Using JtaPlatform implementation: [org.hibernate.engine.transaction.jta.platform.internal.NoJtaPlatform]
2021-03-14 17:49:41 INFO  Version:44 - HHH000412: Hibernate ORM core version 5.4.28.Final
2021-03-14 17:49:42 INFO  Version:56 - HCANN000001: Hibernate Commons Annotations {5.1.2.Final}
2021-03-14 17:49:42 WARN  pooling:72 - HHH10001002: Using Hibernate built-in connection pool (not for production use!)
2021-03-14 17:49:42 INFO  pooling:115 - HHH10001005: using driver [org.postgresql.Driver] at URL [jdbc:postgresql://35.192.67.100:5432/icaDB]
2021-03-14 17:49:42 INFO  pooling:124 - HHH10001001: Connection properties: {user=parker, password=****}
2021-03-14 17:49:42 INFO  pooling:129 - HHH10001003: Autocommit mode: false
2021-03-14 17:49:42 INFO  DriverManagerConnectionProviderImpl:259 - HHH000115: Hibernate connection pool size: 20 (min=1)
2021-03-14 17:49:43 INFO  Dialect:175 - HHH000400: Using dialect: org.hibernate.dialect.PostgreSQLDialect
2021-03-14 17:49:44 INFO  JtaPlatformInitiator:52 - HHH000490: Using JtaPlatform implementation: [org.hibernate.engine.transaction.jta.platform.internal.NoJtaPlatform]
2021-03-14 17:52:44 INFO  Version:44 - HHH000412: Hibernate ORM core version 5.4.28.Final
2021-03-14 17:52:45 INFO  Version:56 - HCANN000001: Hibernate Commons Annotations {5.1.2.Final}
2021-03-14 17:52:45 WARN  pooling:72 - HHH10001002: Using Hibernate built-in connection pool (not for production use!)
2021-03-14 17:52:45 INFO  pooling:115 - HHH10001005: using driver [org.postgresql.Driver] at URL [jdbc:postgresql://35.192.67.100:5432/icaDB]
2021-03-14 17:52:45 INFO  pooling:124 - HHH10001001: Connection properties: {user=parker, password=****}
2021-03-14 17:52:45 INFO  pooling:129 - HHH10001003: Autocommit mode: false
2021-03-14 17:52:45 INFO  DriverManagerConnectionProviderImpl:259 - HHH000115: Hibernate connection pool size: 20 (min=1)
2021-03-14 17:52:46 INFO  Dialect:175 - HHH000400: Using dialect: org.hibernate.dialect.PostgreSQLDialect
2021-03-14 17:52:47 INFO  JtaPlatformInitiator:52 - HHH000490: Using JtaPlatform implementation: [org.hibernate.engine.transaction.jta.platform.internal.NoJtaPlatform]
